<?xml version='1.0' encoding='UTF-8'?>
<result plugin="junit@1.20">
  <suites>
    <suite>
      <file>E:\workspace\Mavi_Repository\gestionFonds_Reddition\junit\TEST-BackOffice.gestiondeFonds_Reddition.xml</file>
      <name>BackOffice.gestiondeFonds_Reddition</name>
      <stdout>Se ha creado correctamente Reddition
</stdout>
      <stderr>Starting ChromeDriver 2.28.455520 (cc17746adff54984afff480136733114c6b3704b) on port 2156
Only local connections are allowed.
may 30, 2017 12:03:50 PM org.openqa.selenium.remote.ProtocolHandshake createSession
INFO: Detected dialect: OSS
</stderr>
      <duration>57.707</duration>
      <timestamp>2017-05-30T10:03:47</timestamp>
      <time>57.707</time>
      <cases>
        <case>
          <duration>57.34</duration>
          <className>BackOffice.gestiondeFonds_Reddition</className>
          <testName>senacGestionTurnosPage</testName>
          <skipped>false</skipped>
          <failedSince>0</failedSince>
        </case>
      </cases>
    </suite>
  </suites>
  <duration>57.707</duration>
  <keepLongStdio>false</keepLongStdio>
</result>