<?xml version='1.0' encoding='UTF-8'?>
<result plugin="junit@1.20">
  <suites>
    <suite>
      <file>E:\workspace\Mavi_Repository\Plaza_VerTranscciones\junit\TEST-BackOffice.BOPlazatransacciones_verTransaccionesBusqueda.xml</file>
      <name>BackOffice.BOPlazatransacciones_verTransaccionesBusqueda</name>
      <stdout>Busqueda Completa: Affichage de 1 Ã  18 sur 2131
</stdout>
      <stderr>Starting ChromeDriver 2.28.455520 (cc17746adff54984afff480136733114c6b3704b) on port 14219
Only local connections are allowed.
may 30, 2017 11:58:25 AM org.openqa.selenium.remote.ProtocolHandshake createSession
INFO: Detected dialect: OSS
</stderr>
      <duration>24.121</duration>
      <timestamp>2017-05-30T09:58:22</timestamp>
      <time>24.121</time>
      <cases>
        <case>
          <duration>23.782</duration>
          <className>BackOffice.BOPlazatransacciones_verTransaccionesBusqueda</className>
          <testName>senacGestionTurnosPage</testName>
          <skipped>false</skipped>
          <failedSince>0</failedSince>
        </case>
      </cases>
    </suite>
  </suites>
  <duration>24.121</duration>
  <keepLongStdio>false</keepLongStdio>
</result>