<?xml version='1.0' encoding='UTF-8'?>
<result plugin="junit@1.20">
  <suites>
    <suite>
      <file>E:\workspace\Mavi_Repository\gestionCuentas_seleccionarCuenta\junit\TEST-BackOffice.gestionCuentas_seleccionarCuenta.xml</file>
      <name>BackOffice.gestionCuentas_seleccionarCuenta</name>
      <stdout>ERROR AL TRATAR DE BUSCAR TAG, debido a: Luhn incorrecto
</stdout>
      <stderr>Starting ChromeDriver 2.28.455520 (cc17746adff54984afff480136733114c6b3704b) on port 24086
Only local connections are allowed.
may 30, 2017 12:49:35 PM org.openqa.selenium.remote.ProtocolHandshake createSession
INFO: Detected dialect: OSS
</stderr>
      <duration>17.206</duration>
      <timestamp>2017-05-30T10:49:31</timestamp>
      <time>17.206</time>
      <cases>
        <case>
          <duration>16.904</duration>
          <className>BackOffice.gestionCuentas_seleccionarCuenta</className>
          <testName>senacGestionCuentasPage</testName>
          <skipped>false</skipped>
          <errorStackTrace>junit.framework.AssertionFailedError: ERROR BUSQUEDA TAG: Luhn incorrecto
	at BackOffice.gestionCuentas_seleccionarCuenta.senacGestionCuentasPage(gestionCuentas_seleccionarCuenta.java:81)
</errorStackTrace>
          <errorDetails>ERROR BUSQUEDA TAG: Luhn incorrecto</errorDetails>
          <failedSince>0</failedSince>
        </case>
      </cases>
    </suite>
  </suites>
  <duration>17.206</duration>
  <keepLongStdio>false</keepLongStdio>
</result>