<?xml version='1.0' encoding='UTF-8'?>
<result plugin="junit@1.20">
  <suites>
    <suite>
      <file>E:\workspace\Mavi_Repository\gestionCuentas_CrearCuenta\junit\TEST-BackOffice.gestionCuentas_CrearCuentaStandard.xml</file>
      <name>BackOffice.gestionCuentas_CrearCuentaStandard</name>
      <stdout>ERROR AL ASIGNAR TAG a la cuenta: 000097824, Luhn incorrecto
</stdout>
      <stderr>Starting ChromeDriver 2.28.455520 (cc17746adff54984afff480136733114c6b3704b) on port 24838
Only local connections are allowed.
may 30, 2017 12:00:06 PM org.openqa.selenium.remote.ProtocolHandshake createSession
INFO: Detected dialect: OSS
</stderr>
      <duration>100.393</duration>
      <timestamp>2017-05-30T10:00:02</timestamp>
      <time>100.393</time>
      <cases>
        <case>
          <duration>100.066</duration>
          <className>BackOffice.gestionCuentas_CrearCuentaStandard</className>
          <testName>senacGestionCuentasPage</testName>
          <skipped>false</skipped>
          <errorStackTrace>junit.framework.AssertionFailedError: Tag Invalido: No se puede asignar un Tag al Vehiculo 6615ACL de la cuenta 000097824
	at BackOffice.gestionCuentas_CrearCuentaStandard.senacGestionCuentasPage(gestionCuentas_CrearCuentaStandard.java:136)
</errorStackTrace>
          <errorDetails>Tag Invalido: No se puede asignar un Tag al Vehiculo 6615ACL de la cuenta 000097824</errorDetails>
          <failedSince>0</failedSince>
        </case>
      </cases>
    </suite>
  </suites>
  <duration>100.393</duration>
  <keepLongStdio>false</keepLongStdio>
</result>