<?xml version='1.0' encoding='UTF-8'?>
<result plugin="junit@1.20">
  <suites>
    <suite>
      <file>E:\workspace\Mavi_Repository\transacciones_revisi√≥nTransacciones\junit\TEST-BackOffice.transacciones_revisionTransaccionesBusqueda.xml</file>
      <name>BackOffice.transacciones_revisionTransaccionesBusqueda</name>
      <stdout>Busqueda Completa: Mostrando del 1 al 18 de 2722
</stdout>
      <stderr>Starting ChromeDriver 2.28.455520 (cc17746adff54984afff480136733114c6b3704b) on port 3269
Only local connections are allowed.
may 30, 2017 12:10:00 PM org.openqa.selenium.remote.ProtocolHandshake createSession
INFO: Detected dialect: OSS
</stderr>
      <duration>22.188</duration>
      <timestamp>2017-05-30T10:09:57</timestamp>
      <time>22.188</time>
      <cases>
        <case>
          <duration>21.837</duration>
          <className>BackOffice.transacciones_revisionTransaccionesBusqueda</className>
          <testName>senacGestionTurnosPage</testName>
          <skipped>false</skipped>
          <failedSince>0</failedSince>
        </case>
      </cases>
    </suite>
  </suites>
  <duration>22.188</duration>
  <keepLongStdio>false</keepLongStdio>
</result>