<?xml version='1.0' encoding='UTF-8'?>
<result plugin="junit@1.20">
  <suites>
    <suite>
      <file>E:\workspace\Mavi_Repository\conexion_BBDDSenac\junit\TEST-BackOffice.conexión_BBDDSenac.xml</file>
      <name>BackOffice.conexión_BBDDSenac</name>
      <stdout></stdout>
      <stderr></stderr>
      <duration>3.689</duration>
      <timestamp>2017-05-30T09:57:49</timestamp>
      <time>3.689</time>
      <cases>
        <case>
          <duration>3.379</duration>
          <className>BackOffice.conexión_BBDDSenac</className>
          <testName>dataBaseConnection</testName>
          <skipped>false</skipped>
          <failedSince>0</failedSince>
        </case>
      </cases>
    </suite>
  </suites>
  <duration>3.689</duration>
  <keepLongStdio>false</keepLongStdio>
</result>